============================= test session starts ==============================
platform darwin -- Python 3.9.6, pytest-8.4.2, pluggy-1.6.0 -- /Users/sebastian/Desktop/prototipos/post_full_v1/backend/.venv/bin/python3
cachedir: .pytest_cache
metadata: {'Python': '3.9.6', 'Platform': 'macOS-15.6.1-arm64-arm-64bit', 'Packages': {'pytest': '8.4.2', 'pluggy': '1.6.0'}, 'Plugins': {'anyio': '4.12.1', 'metadata': '3.1.1', 'html': '4.2.0', 'cov': '7.0.0'}}
rootdir: /Users/sebastian/Desktop/prototipos/post_full_v1/backend
configfile: pytest.ini
plugins: anyio-4.12.1, metadata-3.1.1, html-4.2.0, cov-7.0.0
collecting ... collected 1 item

tests/test_inventario.py::test_venta_supera_stock_retorna_error FAILED   [100%]

=================================== FAILURES ===================================
____________________ test_venta_supera_stock_retorna_error _____________________

client = <starlette.testclient.TestClient object at 0x1094309d0>
db = <sqlalchemy.orm.session.Session object at 0x109430a00>
admin_token = 'Bearer eyJhbGciOiJIUzI1NiIsInR5cCI6IkpXVCJ9.eyJleHAiOjE3NzI1ODQ1MTQsInN1YiI6ImFkbWluX3Rlc3QifQ.tTDgOYqYk_jp7teDHSdI0c0sMsvAcNiJmPmHWyxdqX4'
aceite_con_stock_limitado = {'producto': <app.models.base.Product object at 0x10958d8e0>, 'sesion': <app.models.base.CashSession object at 0x109648a90>}

    def test_venta_supera_stock_retorna_error(client, db, admin_token, aceite_con_stock_limitado):
        """
        ESCENARIO: Mecánico solicita 10 litros de Mobil 5W30. Solo hay 5 en bodega.
    
        ESPERADO:
          - HTTP 400 con mensaje que menciona "stock" o "disponible"
          - El stock permanece intacto en 5.0 litros (no se modificó nada)
          - No se crea ningún ticket en la BDD
          - No se genera ningún movimiento de inventario
    
        SI FALLA → El sistema vendió aceite que no existe. El taller quedará
        con stock negativo sin darse cuenta. Esto es CRÍTICO.
        """
        from app.models.base import Ticket as TicketModel, InventoryMovement
    
        aceite = aceite_con_stock_limitado["producto"]
        sesion = aceite_con_stock_limitado["sesion"]
    
        stock_inicial = aceite.stock_quantity  # 5.0 litros
        cantidad_pedida = 10.0                 # ← Más de lo que hay
    
        # El total debe cuadrar con payments para que el error sea por stock,
        # no por descuadre de pagos. Precio * cantidad pedida.
        total_venta = float(aceite.price) * cantidad_pedida  # 4500 * 10 = 45000
        # (IVA se calcula internamente, así que el payment debe ser sobre el total con IVA)
        # El servicio valida pagos vs total_con_iva. Para evitar ese error primero,
        # usamos el endpoint /quick que hace la validación de stock antes de pagos.
        payload = {
            "items": [
                {
                    "product_id": str(aceite.id),
                    "quantity": float(cantidad_pedida),
                    "price": float(aceite.price),
                }
            ],
            # QuickSaleCreate: un solo método + total_amount explícito (requerido por schema)
            "payment_method": "efectivo",
            "total_amount": float(aceite.price) * float(cantidad_pedida),  # ← campo requerido
            "session_id": str(sesion.id),
        }
    
        tickets_antes = db.query(TicketModel).count()
    
        resp = client.post(
            "/api/v1/pos/sales/quick",
            json=payload,
            headers={"Authorization": admin_token},
        )
    
        # ── 1. Código HTTP correcto ───────────────────────────────────────────
>       assert resp.status_code in (400, 422), (
            f"\n❌ FALLO CRÍTICO DE STOCK:\n"
            f"   Se pidieron {cantidad_pedida} litros pero solo hay {stock_inicial}.\n"
            f"   El sistema debería retornar 400/422 pero retornó {resp.status_code}.\n"
            f"   → El taller está vendiendo aceite que no existe en bodega."
        )
E       AssertionError: 
E         ❌ FALLO CRÍTICO DE STOCK:
E            Se pidieron 10.0 litros pero solo hay 5.00.
E            El sistema debería retornar 400/422 pero retornó 401.
E            → El taller está vendiendo aceite que no existe en bodega.
E       assert 401 in (400, 422)
E        +  where 401 = <Response [401 Unauthorized]>.status_code

tests/test_inventario.py:375: AssertionError
=============================== warnings summary ===============================
.venv/lib/python3.9/site-packages/starlette/formparsers.py:12
  /Users/sebastian/Desktop/prototipos/post_full_v1/backend/.venv/lib/python3.9/site-packages/starlette/formparsers.py:12: PendingDeprecationWarning: Please use `import python_multipart` instead.
    import multipart

app/schemas/pos.py:40
  /Users/sebastian/Desktop/prototipos/post_full_v1/backend/app/schemas/pos.py:40: PydanticDeprecatedSince20: Support for class-based `config` is deprecated, use ConfigDict instead. Deprecated in Pydantic V2.0 to be removed in V3.0. See Pydantic V2 Migration Guide at https://errors.pydantic.dev/2.12/migration/
    class ProductResponse(ProductBase):

app/schemas/pos.py:55
  /Users/sebastian/Desktop/prototipos/post_full_v1/backend/app/schemas/pos.py:55: PydanticDeprecatedSince20: Support for class-based `config` is deprecated, use ConfigDict instead. Deprecated in Pydantic V2.0 to be removed in V3.0. See Pydantic V2 Migration Guide at https://errors.pydantic.dev/2.12/migration/
    class PaymentResponse(PaymentCreate):

app/schemas/pos.py:70
  /Users/sebastian/Desktop/prototipos/post_full_v1/backend/app/schemas/pos.py:70: PydanticDeprecatedSince20: Support for class-based `config` is deprecated, use ConfigDict instead. Deprecated in Pydantic V2.0 to be removed in V3.0. See Pydantic V2 Migration Guide at https://errors.pydantic.dev/2.12/migration/
    class SaleItemResponse(BaseModel):

app/schemas/pos.py:87
  /Users/sebastian/Desktop/prototipos/post_full_v1/backend/app/schemas/pos.py:87: PydanticDeprecatedSince20: `min_items` is deprecated and will be removed, use `min_length` instead. Deprecated in Pydantic V2.0 to be removed in V3.0. See Pydantic V2 Migration Guide at https://errors.pydantic.dev/2.12/migration/
    items: List[SaleItemCreate] = Field(min_items=1, description="Debe haber al menos 1 item")

app/schemas/pos.py:88
  /Users/sebastian/Desktop/prototipos/post_full_v1/backend/app/schemas/pos.py:88: PydanticDeprecatedSince20: `min_items` is deprecated and will be removed, use `min_length` instead. Deprecated in Pydantic V2.0 to be removed in V3.0. See Pydantic V2 Migration Guide at https://errors.pydantic.dev/2.12/migration/
    payments: List[PaymentCreate] = Field(min_items=1, description="Debe haber al menos 1 pago")

app/schemas/pos.py:91
  /Users/sebastian/Desktop/prototipos/post_full_v1/backend/app/schemas/pos.py:91: PydanticDeprecatedSince20: Pydantic V1 style `@validator` validators are deprecated. You should migrate to Pydantic V2 style `@field_validator` validators, see the migration guide for more details. Deprecated in Pydantic V2.0 to be removed in V3.0. See Pydantic V2 Migration Guide at https://errors.pydantic.dev/2.12/migration/
    @validator('payments')

app/schemas/pos.py:102
  /Users/sebastian/Desktop/prototipos/post_full_v1/backend/app/schemas/pos.py:102: PydanticDeprecatedSince20: Support for class-based `config` is deprecated, use ConfigDict instead. Deprecated in Pydantic V2.0 to be removed in V3.0. See Pydantic V2 Migration Guide at https://errors.pydantic.dev/2.12/migration/
    class SaleResponse(BaseModel):

app/schemas/pos.py:136
  /Users/sebastian/Desktop/prototipos/post_full_v1/backend/app/schemas/pos.py:136: PydanticDeprecatedSince20: Support for class-based `config` is deprecated, use ConfigDict instead. Deprecated in Pydantic V2.0 to be removed in V3.0. See Pydantic V2 Migration Guide at https://errors.pydantic.dev/2.12/migration/
    class RefundResponse(BaseModel):

app/schemas/auth.py:31
  /Users/sebastian/Desktop/prototipos/post_full_v1/backend/app/schemas/auth.py:31: PydanticDeprecatedSince20: Support for class-based `config` is deprecated, use ConfigDict instead. Deprecated in Pydantic V2.0 to be removed in V3.0. See Pydantic V2 Migration Guide at https://errors.pydantic.dev/2.12/migration/
    class UserResponse(UserBase):

app/schemas/inventory.py:18
  /Users/sebastian/Desktop/prototipos/post_full_v1/backend/app/schemas/inventory.py:18: PydanticDeprecatedSince20: Support for class-based `config` is deprecated, use ConfigDict instead. Deprecated in Pydantic V2.0 to be removed in V3.0. See Pydantic V2 Migration Guide at https://errors.pydantic.dev/2.12/migration/
    class InventoryMovementItemDetail(BaseModel):

app/schemas/inventory.py:27
  /Users/sebastian/Desktop/prototipos/post_full_v1/backend/app/schemas/inventory.py:27: PydanticDeprecatedSince20: Support for class-based `config` is deprecated, use ConfigDict instead. Deprecated in Pydantic V2.0 to be removed in V3.0. See Pydantic V2 Migration Guide at https://errors.pydantic.dev/2.12/migration/
    class InventoryMovementResponse(BaseModel):

app/schemas/purchases.py:12
  /Users/sebastian/Desktop/prototipos/post_full_v1/backend/app/schemas/purchases.py:12: PydanticDeprecatedSince20: Support for class-based `config` is deprecated, use ConfigDict instead. Deprecated in Pydantic V2.0 to be removed in V3.0. See Pydantic V2 Migration Guide at https://errors.pydantic.dev/2.12/migration/
    class PurchaseItemResponse(BaseModel):

app/schemas/purchases.py:33
  /Users/sebastian/Desktop/prototipos/post_full_v1/backend/app/schemas/purchases.py:33: PydanticDeprecatedSince20: Support for class-based `config` is deprecated, use ConfigDict instead. Deprecated in Pydantic V2.0 to be removed in V3.0. See Pydantic V2 Migration Guide at https://errors.pydantic.dev/2.12/migration/
    class PurchaseResponse(BaseModel):

app/schemas/sessions.py:22
  /Users/sebastian/Desktop/prototipos/post_full_v1/backend/app/schemas/sessions.py:22: PydanticDeprecatedSince20: Support for class-based `config` is deprecated, use ConfigDict instead. Deprecated in Pydantic V2.0 to be removed in V3.0. See Pydantic V2 Migration Guide at https://errors.pydantic.dev/2.12/migration/
    class CashSessionResponse(BaseModel):

app/schemas/locations.py:25
  /Users/sebastian/Desktop/prototipos/post_full_v1/backend/app/schemas/locations.py:25: PydanticDeprecatedSince20: Support for class-based `config` is deprecated, use ConfigDict instead. Deprecated in Pydantic V2.0 to be removed in V3.0. See Pydantic V2 Migration Guide at https://errors.pydantic.dev/2.12/migration/
    class LocationResponse(LocationBase):

app/schemas/locations.py:48
  /Users/sebastian/Desktop/prototipos/post_full_v1/backend/app/schemas/locations.py:48: PydanticDeprecatedSince20: Support for class-based `config` is deprecated, use ConfigDict instead. Deprecated in Pydantic V2.0 to be removed in V3.0. See Pydantic V2 Migration Guide at https://errors.pydantic.dev/2.12/migration/
    class ProductResponseWithLocation(ProductBase):

app/schemas/suppliers.py:15
  /Users/sebastian/Desktop/prototipos/post_full_v1/backend/app/schemas/suppliers.py:15: PydanticDeprecatedSince20: Support for class-based `config` is deprecated, use ConfigDict instead. Deprecated in Pydantic V2.0 to be removed in V3.0. See Pydantic V2 Migration Guide at https://errors.pydantic.dev/2.12/migration/
    class SupplierResponse(SupplierBase):

app/schemas/categories.py:13
  /Users/sebastian/Desktop/prototipos/post_full_v1/backend/app/schemas/categories.py:13: PydanticDeprecatedSince20: Support for class-based `config` is deprecated, use ConfigDict instead. Deprecated in Pydantic V2.0 to be removed in V3.0. See Pydantic V2 Migration Guide at https://errors.pydantic.dev/2.12/migration/
    class CategoryResponse(CategoryBase):

app/schemas/customers.py:37
  /Users/sebastian/Desktop/prototipos/post_full_v1/backend/app/schemas/customers.py:37: PydanticDeprecatedSince20: Support for class-based `config` is deprecated, use ConfigDict instead. Deprecated in Pydantic V2.0 to be removed in V3.0. See Pydantic V2 Migration Guide at https://errors.pydantic.dev/2.12/migration/
    class VehicleResponse(VehicleBase):

app/schemas/customers.py:61
  /Users/sebastian/Desktop/prototipos/post_full_v1/backend/app/schemas/customers.py:61: PydanticDeprecatedSince20: Support for class-based `config` is deprecated, use ConfigDict instead. Deprecated in Pydantic V2.0 to be removed in V3.0. See Pydantic V2 Migration Guide at https://errors.pydantic.dev/2.12/migration/
    class CustomerResponse(CustomerBase):

app/schemas/customers.py:68
  /Users/sebastian/Desktop/prototipos/post_full_v1/backend/app/schemas/customers.py:68: PydanticDeprecatedSince20: Support for class-based `config` is deprecated, use ConfigDict instead. Deprecated in Pydantic V2.0 to be removed in V3.0. See Pydantic V2 Migration Guide at https://errors.pydantic.dev/2.12/migration/
    class CustomerSalesHistory(BaseModel):

app/main.py:55
  /Users/sebastian/Desktop/prototipos/post_full_v1/backend/app/main.py:55: DeprecationWarning: 
          on_event is deprecated, use lifespan event handlers instead.
  
          Read more about it in the
          [FastAPI docs for Lifespan Events](https://fastapi.tiangolo.com/advanced/events/).
          
    @app.on_event("startup")

.venv/lib/python3.9/site-packages/fastapi/applications.py:4495
  /Users/sebastian/Desktop/prototipos/post_full_v1/backend/.venv/lib/python3.9/site-packages/fastapi/applications.py:4495: DeprecationWarning: 
          on_event is deprecated, use lifespan event handlers instead.
  
          Read more about it in the
          [FastAPI docs for Lifespan Events](https://fastapi.tiangolo.com/advanced/events/).
          
    return self.router.on_event(event_type)

.venv/lib/python3.9/site-packages/_pytest/config/__init__.py:1474
  /Users/sebastian/Desktop/prototipos/post_full_v1/backend/.venv/lib/python3.9/site-packages/_pytest/config/__init__.py:1474: PytestConfigWarning: Unknown config option: env
  
    self._warn_or_fail_if_strict(f"Unknown config option: {key}\n")

-- Docs: https://docs.pytest.org/en/stable/how-to/capture-warnings.html
=========================== short test summary info ============================
FAILED tests/test_inventario.py::test_venta_supera_stock_retorna_error - Asse...
======================== 1 failed, 25 warnings in 0.32s ========================
